Flow report for MaxADC
Thu Oct 07 13:12:33 2021
Quartus Prime Version 18.1.0 Build 625 09/12/2018 SJ Lite Edition


---------------------
; Table of Contents ;
---------------------
  1. Legal Notice
  2. Flow Summary
  3. Flow Settings
  4. Flow Non-Default Global Settings
  5. Flow Elapsed Time
  6. Flow OS Summary
  7. Flow Log
  8. Flow Messages
  9. Flow Suppressed Messages



----------------
; Legal Notice ;
----------------
Copyright (C) 2018  Intel Corporation. All rights reserved.
Your use of Intel Corporation's design tools, logic functions 
and other software and tools, and its AMPP partner logic 
functions, and any output files from any of the foregoing 
(including device programming or simulation files), and any 
associated documentation or information are expressly subject 
to the terms and conditions of the Intel Program License 
Subscription Agreement, the Intel Quartus Prime License Agreement,
the Intel FPGA IP License Agreement, or other applicable license
agreement, including, without limitation, that your use is for
the sole purpose of programming logic devices manufactured by
Intel and sold by Intel or its authorized distributors.  Please
refer to the applicable agreement for further details.



+----------------------------------------------------------------------------------+
; Flow Summary                                                                     ;
+------------------------------------+---------------------------------------------+
; Flow Status                        ; Successful - Thu Oct 07 13:12:33 2021       ;
; Quartus Prime Version              ; 18.1.0 Build 625 09/12/2018 SJ Lite Edition ;
; Revision Name                      ; MaxADC                                      ;
; Top-level Entity Name              ; MaxADC_TOP                                  ;
; Family                             ; MAX 10                                      ;
; Device                             ; 10M50DAF484C7G                              ;
; Timing Models                      ; Final                                       ;
; Total logic elements               ; 1,091 / 49,760 ( 2 % )                      ;
;     Total combinational functions  ; 934 / 49,760 ( 2 % )                        ;
;     Dedicated logic registers      ; 592 / 49,760 ( 1 % )                        ;
; Total registers                    ; 592                                         ;
; Total pins                         ; 234 / 360 ( 65 % )                          ;
; Total virtual pins                 ; 0                                           ;
; Total memory bits                  ; 1,536 / 1,677,312 ( < 1 % )                 ;
; Embedded Multiplier 9-bit elements ; 0 / 288 ( 0 % )                             ;
; Total PLLs                         ; 1 / 4 ( 25 % )                              ;
; UFM blocks                         ; 0 / 1 ( 0 % )                               ;
; ADC blocks                         ; 1 / 2 ( 50 % )                              ;
+------------------------------------+---------------------------------------------+


+-----------------------------------------+
; Flow Settings                           ;
+-------------------+---------------------+
; Option            ; Setting             ;
+-------------------+---------------------+
; Start date & time ; 10/07/2021 13:10:46 ;
; Main task         ; Compilation         ;
; Revision Name     ; MaxADC              ;
+-------------------+---------------------+


+---------------------------------------------------------------------------------------------------------------------------------------------------------------------------+
; Flow Non-Default Global Settings                                                                                                                                          ;
+-------------------------------------+--------------------------------------------------------------------------------------+---------------+-------------+----------------+
; Assignment Name                     ; Value                                                                                ; Default Value ; Entity Name ; Section Id     ;
+-------------------------------------+--------------------------------------------------------------------------------------+---------------+-------------+----------------+
; COMPILER_SIGNATURE_ID               ; 30902517700297.163358344511752                                                       ; --            ; --          ; --             ;
; EDA_OUTPUT_DATA_FORMAT              ; Vhdl                                                                                 ; --            ; --          ; eda_simulation ;
; EDA_RUN_TOOL_AUTOMATICALLY          ; Off                                                                                  ; --            ; --          ; eda_simulation ;
; EDA_SIMULATION_TOOL                 ; ModelSim-Altera (VHDL)                                                               ; <None>        ; --          ; --             ;
; EDA_TIME_SCALE                      ; 1 ps                                                                                 ; --            ; --          ; eda_simulation ;
; MAX_CORE_JUNCTION_TEMP              ; 85                                                                                   ; --            ; --          ; --             ;
; MIN_CORE_JUNCTION_TEMP              ; 0                                                                                    ; --            ; --          ; --             ;
; MISC_FILE                           ; ADC/simulation/../../ADC.qsys                                                        ; --            ; --          ; --             ;
; MISC_FILE                           ; ADC/simulation/ADC.vhd                                                               ; --            ; --          ; --             ;
; MISC_FILE                           ; ADC/simulation/submodules/altera_reset_controller.v                                  ; --            ; --          ; --             ;
; MISC_FILE                           ; ADC/simulation/submodules/altera_reset_synchronizer.v                                ; --            ; --          ; --             ;
; MISC_FILE                           ; ADC/simulation/submodules/altera_reset_controller.sdc                                ; --            ; --          ; --             ;
; MISC_FILE                           ; ADC/simulation/submodules/ADC_mm_interconnect_0.v                                    ; --            ; --          ; --             ;
; MISC_FILE                           ; ADC/simulation/submodules/ADC_mm_interconnect_0_avalon_st_adapter.vhd                ; --            ; --          ; --             ;
; MISC_FILE                           ; ADC/simulation/submodules/ADC_mm_interconnect_0_avalon_st_adapter_error_adapter_0.sv ; --            ; --          ; --             ;
; MISC_FILE                           ; ADC/simulation/submodules/ADC_mm_interconnect_0_rsp_mux.sv                           ; --            ; --          ; --             ;
; MISC_FILE                           ; ADC/simulation/submodules/altera_merlin_arbitrator.sv                                ; --            ; --          ; --             ;
; MISC_FILE                           ; ADC/simulation/submodules/ADC_mm_interconnect_0_rsp_demux.sv                         ; --            ; --          ; --             ;
; MISC_FILE                           ; ADC/simulation/submodules/ADC_mm_interconnect_0_cmd_mux.sv                           ; --            ; --          ; --             ;
; MISC_FILE                           ; ADC/simulation/submodules/ADC_mm_interconnect_0_cmd_demux.sv                         ; --            ; --          ; --             ;
; MISC_FILE                           ; ADC/simulation/submodules/altera_merlin_traffic_limiter.sv                           ; --            ; --          ; --             ;
; MISC_FILE                           ; ADC/simulation/submodules/altera_merlin_reorder_memory.sv                            ; --            ; --          ; --             ;
; MISC_FILE                           ; ADC/simulation/submodules/altera_avalon_sc_fifo.v                                    ; --            ; --          ; --             ;
; MISC_FILE                           ; ADC/simulation/submodules/altera_avalon_st_pipeline_base.v                           ; --            ; --          ; --             ;
; MISC_FILE                           ; ADC/simulation/submodules/ADC_mm_interconnect_0_router_001.sv                        ; --            ; --          ; --             ;
; MISC_FILE                           ; ADC/simulation/submodules/ADC_mm_interconnect_0_router.sv                            ; --            ; --          ; --             ;
; MISC_FILE                           ; ADC/simulation/submodules/altera_merlin_slave_agent.sv                               ; --            ; --          ; --             ;
; MISC_FILE                           ; ADC/simulation/submodules/altera_merlin_burst_uncompressor.sv                        ; --            ; --          ; --             ;
; MISC_FILE                           ; ADC/simulation/submodules/altera_merlin_master_agent.sv                              ; --            ; --          ; --             ;
; MISC_FILE                           ; ADC/simulation/submodules/altera_merlin_slave_translator.sv                          ; --            ; --          ; --             ;
; MISC_FILE                           ; ADC/simulation/submodules/altera_merlin_master_translator.sv                         ; --            ; --          ; --             ;
; MISC_FILE                           ; ADC/simulation/submodules/ADC_PLL.vho                                                ; --            ; --          ; --             ;
; MISC_FILE                           ; ADC/simulation/submodules/ADC_AvalonBridge.vhd                                       ; --            ; --          ; --             ;
; MISC_FILE                           ; ADC/simulation/submodules/ADC_AvalonBridge_p2b_adapter.sv                            ; --            ; --          ; --             ;
; MISC_FILE                           ; ADC/simulation/submodules/ADC_AvalonBridge_b2p_adapter.sv                            ; --            ; --          ; --             ;
; MISC_FILE                           ; ADC/simulation/submodules/altera_avalon_packets_to_master.v                          ; --            ; --          ; --             ;
; MISC_FILE                           ; ADC/simulation/submodules/altera_avalon_st_packets_to_bytes.v                        ; --            ; --          ; --             ;
; MISC_FILE                           ; ADC/simulation/submodules/altera_avalon_st_bytes_to_packets.v                        ; --            ; --          ; --             ;
; MISC_FILE                           ; ADC/simulation/submodules/ADC_AvalonBridge_timing_adt.sv                             ; --            ; --          ; --             ;
; MISC_FILE                           ; ADC/simulation/submodules/altera_avalon_st_jtag_interface.v                          ; --            ; --          ; --             ;
; MISC_FILE                           ; ADC/simulation/submodules/altera_jtag_dc_streaming.v                                 ; --            ; --          ; --             ;
; MISC_FILE                           ; ADC/simulation/submodules/altera_jtag_sld_node.v                                     ; --            ; --          ; --             ;
; MISC_FILE                           ; ADC/simulation/submodules/altera_jtag_streaming.v                                    ; --            ; --          ; --             ;
; MISC_FILE                           ; ADC/simulation/submodules/altera_avalon_st_clock_crosser.v                           ; --            ; --          ; --             ;
; MISC_FILE                           ; ADC/simulation/submodules/altera_std_synchronizer_nocut.v                            ; --            ; --          ; --             ;
; MISC_FILE                           ; ADC/simulation/submodules/altera_avalon_st_idle_remover.v                            ; --            ; --          ; --             ;
; MISC_FILE                           ; ADC/simulation/submodules/altera_avalon_st_idle_inserter.v                           ; --            ; --          ; --             ;
; MISC_FILE                           ; ADC/simulation/submodules/altera_avalon_st_pipeline_stage.sv                         ; --            ; --          ; --             ;
; MISC_FILE                           ; ADC/simulation/submodules/altera_avalon_st_jtag_interface.sdc                        ; --            ; --          ; --             ;
; MISC_FILE                           ; ADC/simulation/submodules/ADC_ADC.vhd                                                ; --            ; --          ; --             ;
; MISC_FILE                           ; ADC/simulation/submodules/altera_modular_adc_sample_store.v                          ; --            ; --          ; --             ;
; MISC_FILE                           ; ADC/simulation/submodules/altera_modular_adc_sample_store_ram.v                      ; --            ; --          ; --             ;
; MISC_FILE                           ; ADC/simulation/submodules/altera_modular_adc_sequencer.v                             ; --            ; --          ; --             ;
; MISC_FILE                           ; ADC/simulation/submodules/altera_modular_adc_sequencer_csr.v                         ; --            ; --          ; --             ;
; MISC_FILE                           ; ADC/simulation/submodules/altera_modular_adc_sequencer_ctrl.v                        ; --            ; --          ; --             ;
; MISC_FILE                           ; ADC/simulation/submodules/altera_modular_adc_control.v                               ; --            ; --          ; --             ;
; MISC_FILE                           ; ADC/simulation/submodules/altera_modular_adc_control_avrg_fifo.v                     ; --            ; --          ; --             ;
; MISC_FILE                           ; ADC/simulation/submodules/altera_modular_adc_control_fsm.v                           ; --            ; --          ; --             ;
; MISC_FILE                           ; ADC/simulation/submodules/chsel_code_converter_sw_to_hw.v                            ; --            ; --          ; --             ;
; MISC_FILE                           ; ADC/simulation/submodules/fiftyfivenm_adcblock_primitive_wrapper.v                   ; --            ; --          ; --             ;
; MISC_FILE                           ; ADC/simulation/submodules/fiftyfivenm_adcblock_top_wrapper.v                         ; --            ; --          ; --             ;
; MISC_FILE                           ; ADC/synthesis/../ADC.cmp                                                             ; --            ; --          ; --             ;
; MISC_FILE                           ; ADC/synthesis/../../ADC.qsys                                                         ; --            ; --          ; --             ;
; PARTITION_COLOR                     ; -- (Not supported for targeted family)                                               ; --            ; MaxADC_TOP  ; Top            ;
; PARTITION_FITTER_PRESERVATION_LEVEL ; -- (Not supported for targeted family)                                               ; --            ; MaxADC_TOP  ; Top            ;
; PARTITION_NETLIST_TYPE              ; -- (Not supported for targeted family)                                               ; --            ; MaxADC_TOP  ; Top            ;
; POWER_BOARD_THERMAL_MODEL           ; None (CONSERVATIVE)                                                                  ; --            ; --          ; --             ;
; POWER_PRESET_COOLING_SOLUTION       ; 23 MM HEAT SINK WITH 200 LFPM AIRFLOW                                                ; --            ; --          ; --             ;
; PROJECT_OUTPUT_DIRECTORY            ; output_files                                                                         ; --            ; --          ; --             ;
; SLD_FILE                            ; ADC/synthesis/ADC.debuginfo                                                          ; --            ; --          ; --             ;
; SLD_INFO                            ; QSYS_NAME ADC HAS_SOPCINFO 1 GENERATION_ID 1632622095                                ; --            ; ADC         ; --             ;
; SOPCINFO_FILE                       ; ADC/synthesis/../../ADC.sopcinfo                                                     ; --            ; --          ; --             ;
; SPD_FILE                            ; ADC/simulation/../ADC.spd                                                            ; --            ; --          ; --             ;
; SYNTHESIS_ONLY_QIP                  ; On                                                                                   ; --            ; --          ; --             ;
; TOP_LEVEL_ENTITY                    ; MaxADC_TOP                                                                           ; MaxADC        ; --          ; --             ;
+-------------------------------------+--------------------------------------------------------------------------------------+---------------+-------------+----------------+


+--------------------------------------------------------------------------------------------------------------------------+
; Flow Elapsed Time                                                                                                        ;
+----------------------+--------------+-------------------------+---------------------+------------------------------------+
; Module Name          ; Elapsed Time ; Average Processors Used ; Peak Virtual Memory ; Total CPU Time (on all processors) ;
+----------------------+--------------+-------------------------+---------------------+------------------------------------+
; Analysis & Synthesis ; 00:00:53     ; 1.0                     ; 4879 MB             ; 00:01:47                           ;
; Fitter               ; 00:00:27     ; 1.1                     ; 5666 MB             ; 00:00:36                           ;
; Assembler            ; 00:00:06     ; 1.0                     ; 4686 MB             ; 00:00:06                           ;
; Timing Analyzer      ; 00:00:08     ; 1.4                     ; 4840 MB             ; 00:00:09                           ;
; EDA Netlist Writer   ; 00:00:04     ; 1.0                     ; 4680 MB             ; 00:00:04                           ;
; Total                ; 00:01:38     ; --                      ; --                  ; 00:02:42                           ;
+----------------------+--------------+-------------------------+---------------------+------------------------------------+


+------------------------------------------------------------------------------------+
; Flow OS Summary                                                                    ;
+----------------------+------------------+------------+------------+----------------+
; Module Name          ; Machine Hostname ; OS Name    ; OS Version ; Processor type ;
+----------------------+------------------+------------+------------+----------------+
; Analysis & Synthesis ; DESKTOP-FVEEH3Q  ; Windows 10 ; 10.0       ; x86_64         ;
; Fitter               ; DESKTOP-FVEEH3Q  ; Windows 10 ; 10.0       ; x86_64         ;
; Assembler            ; DESKTOP-FVEEH3Q  ; Windows 10 ; 10.0       ; x86_64         ;
; Timing Analyzer      ; DESKTOP-FVEEH3Q  ; Windows 10 ; 10.0       ; x86_64         ;
; EDA Netlist Writer   ; DESKTOP-FVEEH3Q  ; Windows 10 ; 10.0       ; x86_64         ;
+----------------------+------------------+------------+------------+----------------+


------------
; Flow Log ;
------------
quartus_map --read_settings_files=on --write_settings_files=off MaxADC -c MaxADC
quartus_fit --read_settings_files=off --write_settings_files=off MaxADC -c MaxADC
quartus_asm --read_settings_files=off --write_settings_files=off MaxADC -c MaxADC
quartus_sta MaxADC -c MaxADC
quartus_eda --read_settings_files=off --write_settings_files=off MaxADC -c MaxADC



